{"/home/travis/build/npmtest/node-npmtest-suspend/test.js":{"path":"/home/travis/build/npmtest/node-npmtest-suspend/test.js","s":{"1":2,"2":2,"3":2,"4":2,"5":2,"6":2,"7":2,"8":1,"9":2,"10":2,"11":1,"12":1,"13":1,"14":1,"15":2,"16":2,"17":2,"18":2,"19":1,"20":1,"21":2,"22":2,"23":2,"24":1,"25":1,"26":1,"27":1,"28":1,"29":1,"30":1,"31":1,"32":1,"33":1,"34":1,"35":1,"36":1,"37":1,"38":1,"39":2,"40":2,"41":1,"42":2,"43":2,"44":1,"45":2,"46":2,"47":1,"48":2,"49":2,"50":1,"51":1,"52":1,"53":1,"54":1},"b":{"1":[2,1,1,1],"2":[1,1,1,1],"3":[1,1],"4":[1,1],"5":[1,1],"6":[1,1],"7":[1,1],"8":[1,1],"9":[1,1],"10":[1,1,1],"11":[1,1],"12":[1,1],"13":[1,1],"14":[1,1],"15":[1,1],"16":[1,1],"17":[1,1]},"f":{"1":2,"2":2,"3":2,"4":2,"5":2,"6":1,"7":1,"8":1,"9":2,"10":2,"11":2,"12":2,"13":1},"fnMap":{"1":{"name":"(anonymous_1)","line":12,"loc":{"start":{"line":12,"column":1},"end":{"line":12,"column":13}}},"2":{"name":"(anonymous_2)","line":19,"loc":{"start":{"line":19,"column":5},"end":{"line":19,"column":17}}},"3":{"name":"(anonymous_3)","line":23,"loc":{"start":{"line":23,"column":24},"end":{"line":23,"column":36}}},"4":{"name":"(anonymous_4)","line":61,"loc":{"start":{"line":61,"column":5},"end":{"line":61,"column":17}}},"5":{"name":"(anonymous_5)","line":82,"loc":{"start":{"line":82,"column":5},"end":{"line":82,"column":17}}},"6":{"name":"(anonymous_6)","line":91,"loc":{"start":{"line":91,"column":77},"end":{"line":94,"column":10}}},"7":{"name":"(anonymous_7)","line":112,"loc":{"start":{"line":112,"column":83},"end":{"line":115,"column":10}},"skip":true},"8":{"name":"(anonymous_8)","line":123,"loc":{"start":{"line":123,"column":77},"end":{"line":126,"column":10}},"skip":true},"9":{"name":"(anonymous_9)","line":139,"loc":{"start":{"line":139,"column":12},"end":{"line":139,"column":40}},"skip":true},"10":{"name":"(anonymous_10)","line":147,"loc":{"start":{"line":147,"column":77},"end":{"line":150,"column":10}},"skip":true},"11":{"name":"(anonymous_11)","line":158,"loc":{"start":{"line":158,"column":83},"end":{"line":161,"column":10}},"skip":true},"12":{"name":"(anonymous_12)","line":169,"loc":{"start":{"line":169,"column":79},"end":{"line":172,"column":10}},"skip":true},"13":{"name":"(anonymous_13)","line":180,"loc":{"start":{"line":180,"column":75},"end":{"line":183,"column":10}},"skip":true}},"statementMap":{"1":{"start":{"line":12,"column":0},"end":{"line":195,"column":5}},"2":{"start":{"line":14,"column":4},"end":{"line":14,"column":14}},"3":{"start":{"line":19,"column":4},"end":{"line":56,"column":9}},"4":{"start":{"line":21,"column":8},"end":{"line":21,"column":19}},"5":{"start":{"line":23,"column":8},"end":{"line":35,"column":13}},"6":{"start":{"line":24,"column":12},"end":{"line":34,"column":13}},"7":{"start":{"line":25,"column":16},"end":{"line":28,"column":30}},"8":{"start":{"line":30,"column":16},"end":{"line":33,"column":27}},"9":{"start":{"line":37,"column":8},"end":{"line":39,"column":21}},"10":{"start":{"line":40,"column":8},"end":{"line":53,"column":9}},"11":{"start":{"line":43,"column":12},"end":{"line":46,"column":14}},"12":{"start":{"line":47,"column":12},"end":{"line":47,"column":18}},"13":{"start":{"line":50,"column":12},"end":{"line":51,"column":46}},"14":{"start":{"line":52,"column":12},"end":{"line":52,"column":18}},"15":{"start":{"line":55,"column":8},"end":{"line":55,"column":35}},"16":{"start":{"line":61,"column":4},"end":{"line":63,"column":9}},"17":{"start":{"line":62,"column":8},"end":{"line":62,"column":15}},"18":{"start":{"line":64,"column":4},"end":{"line":77,"column":5}},"19":{"start":{"line":70,"column":8},"end":{"line":70,"column":14}},"20":{"start":{"line":76,"column":8},"end":{"line":76,"column":14}},"21":{"start":{"line":82,"column":4},"end":{"line":84,"column":9}},"22":{"start":{"line":83,"column":8},"end":{"line":83,"column":15}},"23":{"start":{"line":85,"column":4},"end":{"line":194,"column":5}},"24":{"start":{"line":91,"column":8},"end":{"line":99,"column":10}},"25":{"start":{"line":98,"column":12},"end":{"line":98,"column":35}},"26":{"start":{"line":102,"column":8},"end":{"line":104,"column":63}},"27":{"start":{"line":105,"column":8},"end":{"line":105,"column":14}},"28":{"start":{"line":112,"column":8},"end":{"line":121,"column":10},"skip":true},"29":{"start":{"line":119,"column":12},"end":{"line":119,"column":55},"skip":true},"30":{"start":{"line":120,"column":12},"end":{"line":120,"column":48},"skip":true},"31":{"start":{"line":123,"column":8},"end":{"line":136,"column":10},"skip":true},"32":{"start":{"line":130,"column":12},"end":{"line":130,"column":76},"skip":true},"33":{"start":{"line":131,"column":12},"end":{"line":131,"column":73},"skip":true},"34":{"start":{"line":132,"column":12},"end":{"line":132,"column":74},"skip":true},"35":{"start":{"line":133,"column":12},"end":{"line":133,"column":79},"skip":true},"36":{"start":{"line":134,"column":12},"end":{"line":134,"column":25},"skip":true},"37":{"start":{"line":135,"column":12},"end":{"line":135,"column":45},"skip":true},"38":{"start":{"line":138,"column":8},"end":{"line":145,"column":14},"skip":true},"39":{"start":{"line":143,"column":16},"end":{"line":143,"column":29},"skip":true},"40":{"start":{"line":144,"column":16},"end":{"line":144,"column":55},"skip":true},"41":{"start":{"line":147,"column":8},"end":{"line":156,"column":10},"skip":true},"42":{"start":{"line":154,"column":12},"end":{"line":154,"column":25},"skip":true},"43":{"start":{"line":155,"column":12},"end":{"line":155,"column":45},"skip":true},"44":{"start":{"line":158,"column":8},"end":{"line":167,"column":10},"skip":true},"45":{"start":{"line":165,"column":12},"end":{"line":165,"column":25},"skip":true},"46":{"start":{"line":166,"column":12},"end":{"line":166,"column":48},"skip":true},"47":{"start":{"line":169,"column":8},"end":{"line":178,"column":10},"skip":true},"48":{"start":{"line":176,"column":12},"end":{"line":176,"column":25},"skip":true},"49":{"start":{"line":177,"column":12},"end":{"line":177,"column":46},"skip":true},"50":{"start":{"line":180,"column":8},"end":{"line":189,"column":10},"skip":true},"51":{"start":{"line":187,"column":12},"end":{"line":187,"column":94},"skip":true},"52":{"start":{"line":188,"column":12},"end":{"line":188,"column":48},"skip":true},"53":{"start":{"line":192,"column":8},"end":{"line":192,"column":35},"skip":true},"54":{"start":{"line":193,"column":8},"end":{"line":193,"column":14},"skip":true}},"branchMap":{"1":{"line":25,"type":"binary-expr","locations":[{"start":{"line":25,"column":23},"end":{"line":25,"column":62}},{"start":{"line":26,"column":20},"end":{"line":26,"column":70}},{"start":{"line":27,"column":20},"end":{"line":27,"column":71}},{"start":{"line":28,"column":20},"end":{"line":28,"column":29}}]},"2":{"line":30,"type":"binary-expr","locations":[{"start":{"line":30,"column":23},"end":{"line":30,"column":37}},{"start":{"line":31,"column":20},"end":{"line":31,"column":61}},{"start":{"line":32,"column":20},"end":{"line":32,"column":70}},{"start":{"line":33,"column":20},"end":{"line":33,"column":26}}]},"3":{"line":37,"type":"cond-expr","locations":[{"start":{"line":38,"column":14},"end":{"line":38,"column":20}},{"start":{"line":39,"column":14},"end":{"line":39,"column":20}}]},"4":{"line":40,"type":"switch","locations":[{"start":{"line":42,"column":8},"end":{"line":47,"column":18}},{"start":{"line":49,"column":8},"end":{"line":52,"column":18}}]},"5":{"line":44,"type":"binary-expr","locations":[{"start":{"line":44,"column":16},"end":{"line":44,"column":44}},{"start":{"line":44,"column":48},"end":{"line":44,"column":66}}]},"6":{"line":50,"type":"binary-expr","locations":[{"start":{"line":50,"column":21},"end":{"line":50,"column":49}},{"start":{"line":50,"column":53},"end":{"line":50,"column":72}}]},"7":{"line":64,"type":"switch","locations":[{"start":{"line":69,"column":4},"end":{"line":70,"column":14}},{"start":{"line":75,"column":4},"end":{"line":76,"column":14}}]},"8":{"line":85,"type":"switch","locations":[{"start":{"line":90,"column":4},"end":{"line":105,"column":14}},{"start":{"line":111,"column":4},"end":{"line":193,"column":14},"skip":true}]},"9":{"line":91,"type":"binary-expr","locations":[{"start":{"line":91,"column":42},"end":{"line":91,"column":73}},{"start":{"line":91,"column":77},"end":{"line":99,"column":9}}]},"10":{"line":102,"type":"binary-expr","locations":[{"start":{"line":102,"column":18},"end":{"line":102,"column":32}},{"start":{"line":103,"column":12},"end":{"line":103,"column":53}},{"start":{"line":104,"column":12},"end":{"line":104,"column":61}}]},"11":{"line":112,"type":"binary-expr","locations":[{"start":{"line":112,"column":45},"end":{"line":112,"column":79},"skip":true},{"start":{"line":112,"column":83},"end":{"line":121,"column":9},"skip":true}]},"12":{"line":123,"type":"binary-expr","locations":[{"start":{"line":123,"column":42},"end":{"line":123,"column":73},"skip":true},{"start":{"line":123,"column":77},"end":{"line":136,"column":9},"skip":true}]},"13":{"line":138,"type":"binary-expr","locations":[{"start":{"line":138,"column":48},"end":{"line":138,"column":85},"skip":true},{"start":{"line":139,"column":12},"end":{"line":145,"column":13},"skip":true}]},"14":{"line":147,"type":"binary-expr","locations":[{"start":{"line":147,"column":42},"end":{"line":147,"column":73},"skip":true},{"start":{"line":147,"column":77},"end":{"line":156,"column":9},"skip":true}]},"15":{"line":158,"type":"binary-expr","locations":[{"start":{"line":158,"column":45},"end":{"line":158,"column":79},"skip":true},{"start":{"line":158,"column":83},"end":{"line":167,"column":9},"skip":true}]},"16":{"line":169,"type":"binary-expr","locations":[{"start":{"line":169,"column":43},"end":{"line":169,"column":75},"skip":true},{"start":{"line":169,"column":79},"end":{"line":178,"column":9},"skip":true}]},"17":{"line":180,"type":"binary-expr","locations":[{"start":{"line":180,"column":41},"end":{"line":180,"column":71},"skip":true},{"start":{"line":180,"column":75},"end":{"line":189,"column":9},"skip":true}]}},"code":["/* istanbul instrument in package npmtest_suspend */","/*jslint","    bitwise: true,","    browser: true,","    maxerr: 8,","    maxlen: 96,","    node: true,","    nomen: true,","    regexp: true,","    stupid: true","*/","(function () {","    'use strict';","    var local;","","","","    // run shared js-env code - pre-init","    (function () {","        // init local","        local = {};","        // init modeJs","        local.modeJs = (function () {","            try {","                return typeof navigator.userAgent === 'string' &&","                    typeof document.querySelector('body') === 'object' &&","                    typeof XMLHttpRequest.prototype.open === 'function' &&","                    'browser';","            } catch (errorCaughtBrowser) {","                return module.exports &&","                    typeof process.versions.node === 'string' &&","                    typeof require('http').createServer === 'function' &&","                    'node';","            }","        }());","        // init global","        local.global = local.modeJs === 'browser'","            ? window","            : global;","        switch (local.modeJs) {","        // re-init local from window.local","        case 'browser':","            local = local.global.utility2.objectSetDefault(","                local.global.utility2_rollup || local.global.local,","                local.global.utility2","            );","            break;","        // re-init local from example.js","        case 'node':","            local = (local.global.utility2_rollup || require('utility2'))","                .requireExampleJsFromReadme();","            break;","        }","        // export local","        local.global.local = local;","    }());","","","","    // run shared js-env code - function","    (function () {","        return;","    }());","    switch (local.modeJs) {","","","","    // run browser js-env code - function","    case 'browser':","        break;","","","","    // run node js-env code - function","    case 'node':","        break;","    }","","","","    // run shared js-env code - post-init","    (function () {","        return;","    }());","    switch (local.modeJs) {","","","","    // run browser js-env code - post-init","    case 'browser':","        local.testCase_browser_nullCase = local.testCase_browser_nullCase || function (","            options,","            onError","        ) {","        /*","         * this function will test browsers's null-case handling-behavior-behavior","         */","            onError(null, options);","        };","","        // run tests","        local.nop(local.modeTest &&","            document.querySelector('#testRunButton1') &&","            document.querySelector('#testRunButton1').click());","        break;","","","","    // run node js-env code - post-init","    /* istanbul ignore next */","    case 'node':","        local.testCase_buildApidoc_default = local.testCase_buildApidoc_default || function (","            options,","            onError","        ) {","        /*","         * this function will test buildApidoc's default handling-behavior-behavior","         */","            options = { modulePathList: module.paths };","            local.buildApidoc(options, onError);","        };","","        local.testCase_buildApp_default = local.testCase_buildApp_default || function (","            options,","            onError","        ) {","        /*","         * this function will test buildApp's default handling-behavior-behavior","         */","            local.testCase_buildReadme_default(options, local.onErrorThrow);","            local.testCase_buildLib_default(options, local.onErrorThrow);","            local.testCase_buildTest_default(options, local.onErrorThrow);","            local.testCase_buildCustomOrg_default(options, local.onErrorThrow);","            options = [];","            local.buildApp(options, onError);","        };","","        local.testCase_buildCustomOrg_default = local.testCase_buildCustomOrg_default ||","            function (options, onError) {","            /*","             * this function will test buildCustomOrg's default handling-behavior","             */","                options = {};","                local.buildCustomOrg(options, onError);","            };","","        local.testCase_buildLib_default = local.testCase_buildLib_default || function (","            options,","            onError","        ) {","        /*","         * this function will test buildLib's default handling-behavior","         */","            options = {};","            local.buildLib(options, onError);","        };","","        local.testCase_buildReadme_default = local.testCase_buildReadme_default || function (","            options,","            onError","        ) {","        /*","         * this function will test buildReadme's default handling-behavior-behavior","         */","            options = {};","            local.buildReadme(options, onError);","        };","","        local.testCase_buildTest_default = local.testCase_buildTest_default || function (","            options,","            onError","        ) {","        /*","         * this function will test buildTest's default handling-behavior","         */","            options = {};","            local.buildTest(options, onError);","        };","","        local.testCase_webpage_default = local.testCase_webpage_default || function (","            options,","            onError","        ) {","        /*","         * this function will test webpage's default handling-behavior","         */","            options = { modeCoverageMerge: true, url: local.serverLocalHost + '?modeTest=1' };","            local.browserTest(options, onError);","        };","","        // run test-server","        local.testRunServer(local);","        break;","    }","}());",""],"l":{"12":2,"14":2,"19":2,"21":2,"23":2,"24":2,"25":2,"30":1,"37":2,"40":2,"43":1,"47":1,"50":1,"52":1,"55":2,"61":2,"62":2,"64":2,"70":1,"76":1,"82":2,"83":2,"85":2,"91":1,"98":1,"102":1,"105":1,"112":1,"119":1,"120":1,"123":1,"130":1,"131":1,"132":1,"133":1,"134":1,"135":1,"138":1,"143":2,"144":2,"147":1,"154":2,"155":2,"158":1,"165":2,"166":2,"169":1,"176":2,"177":2,"180":1,"187":1,"188":1,"192":1,"193":1}},"/home/travis/build/npmtest/node-npmtest-suspend/lib.npmtest_suspend.js":{"path":"/home/travis/build/npmtest/node-npmtest-suspend/lib.npmtest_suspend.js","s":{"1":2,"2":2,"3":2,"4":2,"5":2,"6":2,"7":2,"8":1,"9":2,"10":2,"11":2,"12":2,"13":1,"14":1,"15":1,"16":1},"b":{"1":[2,1,1,1],"2":[1,1,1,1],"3":[1,1],"4":[2,2],"5":[1,1]},"f":{"1":2,"2":2,"3":2},"fnMap":{"1":{"name":"(anonymous_1)","line":12,"loc":{"start":{"line":12,"column":1},"end":{"line":12,"column":13}}},"2":{"name":"(anonymous_2)","line":19,"loc":{"start":{"line":19,"column":5},"end":{"line":19,"column":17}}},"3":{"name":"(anonymous_3)","line":23,"loc":{"start":{"line":23,"column":24},"end":{"line":23,"column":36}}}},"statementMap":{"1":{"start":{"line":12,"column":0},"end":{"line":53,"column":5}},"2":{"start":{"line":14,"column":4},"end":{"line":14,"column":14}},"3":{"start":{"line":19,"column":4},"end":{"line":52,"column":9}},"4":{"start":{"line":21,"column":8},"end":{"line":21,"column":19}},"5":{"start":{"line":23,"column":8},"end":{"line":35,"column":13}},"6":{"start":{"line":24,"column":12},"end":{"line":34,"column":13}},"7":{"start":{"line":25,"column":16},"end":{"line":28,"column":30}},"8":{"start":{"line":30,"column":16},"end":{"line":33,"column":27}},"9":{"start":{"line":37,"column":8},"end":{"line":39,"column":21}},"10":{"start":{"line":41,"column":8},"end":{"line":41,"column":54}},"11":{"start":{"line":43,"column":8},"end":{"line":43,"column":52}},"12":{"start":{"line":45,"column":8},"end":{"line":51,"column":9}},"13":{"start":{"line":46,"column":12},"end":{"line":46,"column":58}},"14":{"start":{"line":48,"column":12},"end":{"line":48,"column":35}},"15":{"start":{"line":49,"column":12},"end":{"line":49,"column":49}},"16":{"start":{"line":50,"column":12},"end":{"line":50,"column":43}}},"branchMap":{"1":{"line":25,"type":"binary-expr","locations":[{"start":{"line":25,"column":23},"end":{"line":25,"column":62}},{"start":{"line":26,"column":20},"end":{"line":26,"column":70}},{"start":{"line":27,"column":20},"end":{"line":27,"column":71}},{"start":{"line":28,"column":20},"end":{"line":28,"column":29}}]},"2":{"line":30,"type":"binary-expr","locations":[{"start":{"line":30,"column":23},"end":{"line":30,"column":37}},{"start":{"line":31,"column":20},"end":{"line":31,"column":61}},{"start":{"line":32,"column":20},"end":{"line":32,"column":70}},{"start":{"line":33,"column":20},"end":{"line":33,"column":26}}]},"3":{"line":37,"type":"cond-expr","locations":[{"start":{"line":38,"column":14},"end":{"line":38,"column":20}},{"start":{"line":39,"column":14},"end":{"line":39,"column":20}}]},"4":{"line":41,"type":"binary-expr","locations":[{"start":{"line":41,"column":16},"end":{"line":41,"column":44}},{"start":{"line":41,"column":48},"end":{"line":41,"column":53}}]},"5":{"line":45,"type":"if","locations":[{"start":{"line":45,"column":8},"end":{"line":45,"column":8}},{"start":{"line":45,"column":8},"end":{"line":45,"column":8}}]}},"code":["/* istanbul instrument in package npmtest_suspend */","/*jslint","    bitwise: true,","    browser: true,","    maxerr: 8,","    maxlen: 96,","    node: true,","    nomen: true,","    regexp: true,","    stupid: true","*/","(function () {","    'use strict';","    var local;","","","","    // run shared js-env code - pre-init","    (function () {","        // init local","        local = {};","        // init modeJs","        local.modeJs = (function () {","            try {","                return typeof navigator.userAgent === 'string' &&","                    typeof document.querySelector('body') === 'object' &&","                    typeof XMLHttpRequest.prototype.open === 'function' &&","                    'browser';","            } catch (errorCaughtBrowser) {","                return module.exports &&","                    typeof process.versions.node === 'string' &&","                    typeof require('http').createServer === 'function' &&","                    'node';","            }","        }());","        // init global","        local.global = local.modeJs === 'browser'","            ? window","            : global;","        // init utility2_rollup","        local = local.global.utility2_rollup || local;","        // init lib","        local.local = local.npmtest_suspend = local;","        // init exports","        if (local.modeJs === 'browser') {","            local.global.utility2_npmtest_suspend = local;","        } else {","            module.exports = local;","            module.exports.__dirname = __dirname;","            module.exports.module = module;","        }","    }());","}());",""],"l":{"12":2,"14":2,"19":2,"21":2,"23":2,"24":2,"25":2,"30":1,"37":2,"41":2,"43":2,"45":2,"46":1,"48":1,"49":1,"50":1}},"/home/travis/build/npmtest/node-npmtest-suspend/example.js":{"path":"/home/travis/build/npmtest/node-npmtest-suspend/example.js","s":{"1":2,"2":2,"3":2,"4":2,"5":2,"6":2,"7":2,"8":1,"9":2,"10":2,"11":2,"12":2,"13":1,"14":2,"15":2,"16":2,"17":2,"18":2,"19":0,"20":2,"21":1,"22":1,"23":1,"24":1,"25":1,"26":0,"27":0,"28":1,"29":1,"30":2,"31":0,"32":0,"33":0,"34":1,"35":2,"36":2,"37":3,"38":3,"39":3,"40":3,"41":0,"42":3,"43":3,"44":3,"45":1,"46":3,"47":1,"48":1,"49":1,"50":1,"51":1,"52":1,"53":1,"54":1,"55":1,"56":1,"57":0,"58":1,"59":6,"60":6,"61":1,"62":2,"63":0,"64":2,"65":1,"66":1,"67":0,"68":0,"69":0,"70":0,"71":0,"72":0,"73":0,"74":0,"75":0,"76":0,"77":0,"78":0,"79":0,"80":0,"81":0,"82":0,"83":0},"b":{"1":[2,1,1,1],"2":[1,1,1,1],"3":[1,1],"4":[2,2],"5":[1,1],"6":[1,1],"7":[2,0],"8":[2,1,1,1,1,1],"9":[0,2,0],"10":[1,1],"11":[2,1,1],"12":[1,0],"13":[0,2],"14":[2,0,0,0,0,0,0],"15":[0,3],"16":[3,0],"17":[1,1],"18":[0,1],"19":[1,2,0,2],"20":[1,0],"21":[1,1],"22":[0,0],"23":[0,0],"24":[0,0],"25":[0,0],"26":[0,0],"27":[0,0],"28":[0,0]},"f":{"1":2,"2":2,"3":2,"4":2,"5":2,"6":2,"7":3,"8":3,"9":3,"10":1,"11":6,"12":0},"fnMap":{"1":{"name":"(anonymous_1)","line":26,"loc":{"start":{"line":26,"column":1},"end":{"line":26,"column":13}}},"2":{"name":"(anonymous_2)","line":33,"loc":{"start":{"line":33,"column":5},"end":{"line":33,"column":17}}},"3":{"name":"(anonymous_3)","line":37,"loc":{"start":{"line":37,"column":24},"end":{"line":37,"column":36}}},"4":{"name":"(anonymous_4)","line":69,"loc":{"start":{"line":69,"column":31},"end":{"line":69,"column":48}},"skip":true},"5":{"name":"(anonymous_5)","line":78,"loc":{"start":{"line":78,"column":26},"end":{"line":78,"column":45}},"skip":true},"6":{"name":"(anonymous_6)","line":123,"loc":{"start":{"line":123,"column":33},"end":{"line":123,"column":48}},"skip":true},"7":{"name":"(anonymous_7)","line":125,"loc":{"start":{"line":125,"column":27},"end":{"line":125,"column":39}},"skip":true},"8":{"name":"(anonymous_8)","line":133,"loc":{"start":{"line":133,"column":59},"end":{"line":133,"column":74}},"skip":true},"9":{"name":"(anonymous_9)","line":143,"loc":{"start":{"line":143,"column":45},"end":{"line":143,"column":62}},"skip":true},"10":{"name":"(anonymous_10)","line":144,"loc":{"start":{"line":144,"column":73},"end":{"line":144,"column":92}},"skip":true},"11":{"name":"(anonymous_11)","line":272,"loc":{"start":{"line":272,"column":51},"end":{"line":272,"column":77}},"skip":true},"12":{"name":"(anonymous_12)","line":314,"loc":{"start":{"line":314,"column":32},"end":{"line":314,"column":61}},"skip":true}},"statementMap":{"1":{"start":{"line":26,"column":0},"end":{"line":325,"column":5}},"2":{"start":{"line":28,"column":4},"end":{"line":28,"column":14}},"3":{"start":{"line":33,"column":4},"end":{"line":60,"column":9}},"4":{"start":{"line":35,"column":8},"end":{"line":35,"column":19}},"5":{"start":{"line":37,"column":8},"end":{"line":49,"column":13}},"6":{"start":{"line":38,"column":12},"end":{"line":48,"column":13}},"7":{"start":{"line":39,"column":16},"end":{"line":42,"column":30}},"8":{"start":{"line":44,"column":16},"end":{"line":47,"column":27}},"9":{"start":{"line":51,"column":8},"end":{"line":53,"column":21}},"10":{"start":{"line":55,"column":8},"end":{"line":57,"column":45}},"11":{"start":{"line":59,"column":8},"end":{"line":59,"column":35}},"12":{"start":{"line":61,"column":4},"end":{"line":324,"column":5}},"13":{"start":{"line":69,"column":8},"end":{"line":121,"column":10},"skip":true},"14":{"start":{"line":70,"column":12},"end":{"line":88,"column":13},"skip":true},"15":{"start":{"line":76,"column":16},"end":{"line":87,"column":19},"skip":true},"16":{"start":{"line":79,"column":20},"end":{"line":86,"column":21},"skip":true},"17":{"start":{"line":82,"column":24},"end":{"line":82,"column":43},"skip":true},"18":{"start":{"line":83,"column":24},"end":{"line":83,"column":30},"skip":true},"19":{"start":{"line":85,"column":24},"end":{"line":85,"column":49},"skip":true},"20":{"start":{"line":89,"column":12},"end":{"line":107,"column":13},"skip":true},"21":{"start":{"line":92,"column":16},"end":{"line":102,"column":17},"skip":true},"22":{"start":{"line":93,"column":20},"end":{"line":93,"column":86},"skip":true},"23":{"start":{"line":94,"column":20},"end":{"line":95,"column":45},"skip":true},"24":{"start":{"line":96,"column":20},"end":{"line":96,"column":42},"skip":true},"25":{"start":{"line":97,"column":20},"end":{"line":97,"column":48},"skip":true},"26":{"start":{"line":100,"column":20},"end":{"line":100,"column":85},"skip":true},"27":{"start":{"line":101,"column":20},"end":{"line":101,"column":96},"skip":true},"28":{"start":{"line":103,"column":16},"end":{"line":103,"column":22},"skip":true},"29":{"start":{"line":106,"column":16},"end":{"line":106,"column":22},"skip":true},"30":{"start":{"line":108,"column":12},"end":{"line":120,"column":13},"skip":true},"31":{"start":{"line":114,"column":16},"end":{"line":119,"column":17},"skip":true},"32":{"start":{"line":116,"column":20},"end":{"line":116,"column":78},"skip":true},"33":{"start":{"line":118,"column":20},"end":{"line":118,"column":47},"skip":true},"34":{"start":{"line":123,"column":8},"end":{"line":141,"column":11},"skip":true},"35":{"start":{"line":124,"column":12},"end":{"line":124,"column":54},"skip":true},"36":{"start":{"line":125,"column":12},"end":{"line":140,"column":14},"skip":true},"37":{"start":{"line":126,"column":16},"end":{"line":126,"column":28},"skip":true},"38":{"start":{"line":127,"column":16},"end":{"line":127,"column":69},"skip":true},"39":{"start":{"line":128,"column":16},"end":{"line":128,"column":75},"skip":true},"40":{"start":{"line":129,"column":16},"end":{"line":131,"column":17},"skip":true},"41":{"start":{"line":130,"column":20},"end":{"line":130,"column":27},"skip":true},"42":{"start":{"line":133,"column":16},"end":{"line":137,"column":36},"skip":true},"43":{"start":{"line":134,"column":20},"end":{"line":136,"column":55},"skip":true},"44":{"start":{"line":139,"column":16},"end":{"line":139,"column":57},"skip":true},"45":{"start":{"line":143,"column":8},"end":{"line":147,"column":11},"skip":true},"46":{"start":{"line":144,"column":12},"end":{"line":146,"column":15},"skip":true},"47":{"start":{"line":145,"column":16},"end":{"line":145,"column":70},"skip":true},"48":{"start":{"line":149,"column":8},"end":{"line":149,"column":31},"skip":true},"49":{"start":{"line":150,"column":8},"end":{"line":150,"column":14},"skip":true},"50":{"start":{"line":158,"column":8},"end":{"line":158,"column":31},"skip":true},"51":{"start":{"line":160,"column":8},"end":{"line":160,"column":33},"skip":true},"52":{"start":{"line":161,"column":8},"end":{"line":161,"column":37},"skip":true},"53":{"start":{"line":162,"column":8},"end":{"line":162,"column":35},"skip":true},"54":{"start":{"line":164,"column":8},"end":{"line":164,"column":50},"skip":true},"55":{"start":{"line":166,"column":8},"end":{"line":256,"column":2},"skip":true},"56":{"start":{"line":258,"column":8},"end":{"line":286,"column":9},"skip":true},"57":{"start":{"line":259,"column":12},"end":{"line":269,"column":14},"skip":true},"58":{"start":{"line":271,"column":12},"end":{"line":285,"column":19},"skip":true},"59":{"start":{"line":274,"column":20},"end":{"line":274,"column":35},"skip":true},"60":{"start":{"line":275,"column":20},"end":{"line":284,"column":21},"skip":true},"61":{"start":{"line":277,"column":24},"end":{"line":277,"column":64},"skip":true},"62":{"start":{"line":279,"column":24},"end":{"line":279,"column":40},"skip":true},"63":{"start":{"line":281,"column":24},"end":{"line":281,"column":40},"skip":true},"64":{"start":{"line":283,"column":24},"end":{"line":283,"column":39},"skip":true},"65":{"start":{"line":288,"column":8},"end":{"line":290,"column":9},"skip":true},"66":{"start":{"line":289,"column":12},"end":{"line":289,"column":18},"skip":true},"67":{"start":{"line":291,"column":8},"end":{"line":293,"column":54},"skip":true},"68":{"start":{"line":294,"column":8},"end":{"line":301,"column":37},"skip":true},"69":{"start":{"line":302,"column":8},"end":{"line":302,"column":82},"skip":true},"70":{"start":{"line":305,"column":8},"end":{"line":307,"column":9},"skip":true},"71":{"start":{"line":306,"column":12},"end":{"line":306,"column":82},"skip":true},"72":{"start":{"line":309,"column":8},"end":{"line":311,"column":9},"skip":true},"73":{"start":{"line":310,"column":12},"end":{"line":310,"column":18},"skip":true},"74":{"start":{"line":312,"column":8},"end":{"line":312,"column":54},"skip":true},"75":{"start":{"line":313,"column":8},"end":{"line":313,"column":69},"skip":true},"76":{"start":{"line":314,"column":8},"end":{"line":322,"column":36},"skip":true},"77":{"start":{"line":315,"column":12},"end":{"line":315,"column":61},"skip":true},"78":{"start":{"line":316,"column":12},"end":{"line":319,"column":13},"skip":true},"79":{"start":{"line":317,"column":16},"end":{"line":317,"column":75},"skip":true},"80":{"start":{"line":318,"column":16},"end":{"line":318,"column":23},"skip":true},"81":{"start":{"line":320,"column":12},"end":{"line":320,"column":38},"skip":true},"82":{"start":{"line":321,"column":12},"end":{"line":321,"column":27},"skip":true},"83":{"start":{"line":323,"column":8},"end":{"line":323,"column":14},"skip":true}},"branchMap":{"1":{"line":39,"type":"binary-expr","locations":[{"start":{"line":39,"column":23},"end":{"line":39,"column":62}},{"start":{"line":40,"column":20},"end":{"line":40,"column":70}},{"start":{"line":41,"column":20},"end":{"line":41,"column":71}},{"start":{"line":42,"column":20},"end":{"line":42,"column":29}}]},"2":{"line":44,"type":"binary-expr","locations":[{"start":{"line":44,"column":23},"end":{"line":44,"column":37}},{"start":{"line":45,"column":20},"end":{"line":45,"column":61}},{"start":{"line":46,"column":20},"end":{"line":46,"column":70}},{"start":{"line":47,"column":20},"end":{"line":47,"column":26}}]},"3":{"line":51,"type":"cond-expr","locations":[{"start":{"line":52,"column":14},"end":{"line":52,"column":20}},{"start":{"line":53,"column":14},"end":{"line":53,"column":20}}]},"4":{"line":55,"type":"binary-expr","locations":[{"start":{"line":55,"column":16},"end":{"line":55,"column":44}},{"start":{"line":55,"column":49},"end":{"line":57,"column":43}}]},"5":{"line":55,"type":"cond-expr","locations":[{"start":{"line":56,"column":14},"end":{"line":56,"column":51}},{"start":{"line":57,"column":14},"end":{"line":57,"column":43}}]},"6":{"line":61,"type":"switch","locations":[{"start":{"line":68,"column":4},"end":{"line":150,"column":14},"skip":true},{"start":{"line":156,"column":4},"end":{"line":323,"column":14},"skip":true}]},"7":{"line":70,"type":"if","locations":[{"start":{"line":70,"column":12},"end":{"line":70,"column":12},"skip":true},{"start":{"line":70,"column":12},"end":{"line":70,"column":12},"skip":true}]},"8":{"line":70,"type":"binary-expr","locations":[{"start":{"line":70,"column":16},"end":{"line":70,"column":22},"skip":true},{"start":{"line":70,"column":27},"end":{"line":70,"column":32},"skip":true},{"start":{"line":71,"column":20},"end":{"line":71,"column":39},"skip":true},{"start":{"line":72,"column":20},"end":{"line":72,"column":49},"skip":true},{"start":{"line":73,"column":20},"end":{"line":73,"column":58},"skip":true},{"start":{"line":74,"column":20},"end":{"line":74,"column":69},"skip":true}]},"9":{"line":79,"type":"switch","locations":[{"start":{"line":80,"column":20},"end":{"line":80,"column":33},"skip":true},{"start":{"line":81,"column":20},"end":{"line":83,"column":30},"skip":true},{"start":{"line":84,"column":20},"end":{"line":85,"column":49},"skip":true}]},"10":{"line":89,"type":"switch","locations":[{"start":{"line":90,"column":12},"end":{"line":103,"column":22},"skip":true},{"start":{"line":105,"column":12},"end":{"line":106,"column":22},"skip":true}]},"11":{"line":89,"type":"binary-expr","locations":[{"start":{"line":89,"column":20},"end":{"line":89,"column":25},"skip":true},{"start":{"line":89,"column":29},"end":{"line":89,"column":48},"skip":true},{"start":{"line":89,"column":52},"end":{"line":89,"column":74},"skip":true}]},"12":{"line":92,"type":"if","locations":[{"start":{"line":92,"column":16},"end":{"line":92,"column":16},"skip":true},{"start":{"line":92,"column":16},"end":{"line":92,"column":16},"skip":true}]},"13":{"line":108,"type":"if","locations":[{"start":{"line":108,"column":12},"end":{"line":108,"column":12},"skip":true},{"start":{"line":108,"column":12},"end":{"line":108,"column":12},"skip":true}]},"14":{"line":108,"type":"binary-expr","locations":[{"start":{"line":108,"column":16},"end":{"line":108,"column":61},"skip":true},{"start":{"line":108,"column":66},"end":{"line":108,"column":72},"skip":true},{"start":{"line":108,"column":77},"end":{"line":108,"column":82},"skip":true},{"start":{"line":109,"column":20},"end":{"line":109,"column":39},"skip":true},{"start":{"line":110,"column":20},"end":{"line":110,"column":49},"skip":true},{"start":{"line":111,"column":20},"end":{"line":111,"column":58},"skip":true},{"start":{"line":112,"column":20},"end":{"line":112,"column":68},"skip":true}]},"15":{"line":129,"type":"if","locations":[{"start":{"line":129,"column":16},"end":{"line":129,"column":16},"skip":true},{"start":{"line":129,"column":16},"end":{"line":129,"column":16},"skip":true}]},"16":{"line":134,"type":"cond-expr","locations":[{"start":{"line":135,"column":26},"end":{"line":135,"column":29},"skip":true},{"start":{"line":136,"column":26},"end":{"line":136,"column":54},"skip":true}]},"17":{"line":164,"type":"binary-expr","locations":[{"start":{"line":164,"column":27},"end":{"line":164,"column":43},"skip":true},{"start":{"line":164,"column":47},"end":{"line":164,"column":49},"skip":true}]},"18":{"line":258,"type":"if","locations":[{"start":{"line":258,"column":8},"end":{"line":258,"column":8},"skip":true},{"start":{"line":258,"column":8},"end":{"line":258,"column":8},"skip":true}]},"19":{"line":275,"type":"switch","locations":[{"start":{"line":276,"column":20},"end":{"line":277,"column":64},"skip":true},{"start":{"line":278,"column":20},"end":{"line":279,"column":40},"skip":true},{"start":{"line":280,"column":20},"end":{"line":281,"column":40},"skip":true},{"start":{"line":282,"column":20},"end":{"line":283,"column":39},"skip":true}]},"20":{"line":288,"type":"if","locations":[{"start":{"line":288,"column":8},"end":{"line":288,"column":8},"skip":true},{"start":{"line":288,"column":8},"end":{"line":288,"column":8},"skip":true}]},"21":{"line":288,"type":"binary-expr","locations":[{"start":{"line":288,"column":12},"end":{"line":288,"column":40},"skip":true},{"start":{"line":288,"column":44},"end":{"line":288,"column":67},"skip":true}]},"22":{"line":292,"type":"binary-expr","locations":[{"start":{"line":292,"column":12},"end":{"line":292,"column":50},"skip":true},{"start":{"line":293,"column":12},"end":{"line":293,"column":53},"skip":true}]},"23":{"line":295,"type":"binary-expr","locations":[{"start":{"line":295,"column":12},"end":{"line":295,"column":65},"skip":true},{"start":{"line":296,"column":12},"end":{"line":301,"column":36},"skip":true}]},"24":{"line":302,"type":"binary-expr","locations":[{"start":{"line":302,"column":43},"end":{"line":302,"column":75},"skip":true},{"start":{"line":302,"column":79},"end":{"line":302,"column":81},"skip":true}]},"25":{"line":305,"type":"if","locations":[{"start":{"line":305,"column":8},"end":{"line":305,"column":8},"skip":true},{"start":{"line":305,"column":8},"end":{"line":305,"column":8},"skip":true}]},"26":{"line":309,"type":"if","locations":[{"start":{"line":309,"column":8},"end":{"line":309,"column":8},"skip":true},{"start":{"line":309,"column":8},"end":{"line":309,"column":8},"skip":true}]},"27":{"line":312,"type":"binary-expr","locations":[{"start":{"line":312,"column":27},"end":{"line":312,"column":43},"skip":true},{"start":{"line":312,"column":47},"end":{"line":312,"column":53},"skip":true}]},"28":{"line":316,"type":"if","locations":[{"start":{"line":316,"column":12},"end":{"line":316,"column":12},"skip":true},{"start":{"line":316,"column":12},"end":{"line":316,"column":12},"skip":true}]}},"code":["/*","example.js","","quickstart example","","instruction","    1. save this script as example.js","    2. run the shell command:","        $ npm install npmtest-suspend && PORT=8081 node example.js","    3. play with the browser-demo on http://127.0.0.1:8081","*/","","","","/* istanbul instrument in package npmtest_suspend */","/*jslint","    bitwise: true,","    browser: true,","    maxerr: 8,","    maxlen: 96,","    node: true,","    nomen: true,","    regexp: true,","    stupid: true","*/","(function () {","    'use strict';","    var local;","","","","    // run shared js-env code - pre-init","    (function () {","        // init local","        local = {};","        // init modeJs","        local.modeJs = (function () {","            try {","                return typeof navigator.userAgent === 'string' &&","                    typeof document.querySelector('body') === 'object' &&","                    typeof XMLHttpRequest.prototype.open === 'function' &&","                    'browser';","            } catch (errorCaughtBrowser) {","                return module.exports &&","                    typeof process.versions.node === 'string' &&","                    typeof require('http').createServer === 'function' &&","                    'node';","            }","        }());","        // init global","        local.global = local.modeJs === 'browser'","            ? window","            : global;","        // init utility2_rollup","        local = local.global.utility2_rollup || (local.modeJs === 'browser'","            ? local.global.utility2_npmtest_suspend","            : global.utility2_moduleExports);","        // export local","        local.global.local = local;","    }());","    switch (local.modeJs) {","","","","    // post-init","    // run browser js-env code - post-init","    /* istanbul ignore next */","    case 'browser':","        local.testRunBrowser = function (event) {","            if (!event || (event &&","                    event.currentTarget &&","                    event.currentTarget.className &&","                    event.currentTarget.className.includes &&","                    event.currentTarget.className.includes('onreset'))) {","                // reset output","                Array.from(","                    document.querySelectorAll('body > .resettable')","                ).forEach(function (element) {","                    switch (element.tagName) {","                    case 'INPUT':","                    case 'TEXTAREA':","                        element.value = '';","                        break;","                    default:","                        element.textContent = '';","                    }","                });","            }","            switch (event && event.currentTarget && event.currentTarget.id) {","            case 'testRunButton1':","                // show tests","                if (document.querySelector('#testReportDiv1').style.display === 'none') {","                    document.querySelector('#testReportDiv1').style.display = 'block';","                    document.querySelector('#testRunButton1').textContent =","                        'hide internal test';","                    local.modeTest = true;","                    local.testRunDefault(local);","                // hide tests","                } else {","                    document.querySelector('#testReportDiv1').style.display = 'none';","                    document.querySelector('#testRunButton1').textContent = 'run internal test';","                }","                break;","            // custom-case","            default:","                break;","            }","            if (document.querySelector('#inputTextareaEval1') && (!event || (event &&","                    event.currentTarget &&","                    event.currentTarget.className &&","                    event.currentTarget.className.includes &&","                    event.currentTarget.className.includes('oneval')))) {","                // try to eval input-code","                try {","                    /*jslint evil: true*/","                    eval(document.querySelector('#inputTextareaEval1').value);","                } catch (errorCaught) {","                    console.error(errorCaught);","                }","            }","        };","        // log stderr and stdout to #outputTextareaStdout1","        ['error', 'log'].forEach(function (key) {","            console[key + '_original'] = console[key];","            console[key] = function () {","                var element;","                console[key + '_original'].apply(console, arguments);","                element = document.querySelector('#outputTextareaStdout1');","                if (!element) {","                    return;","                }","                // append text to #outputTextareaStdout1","                element.value += Array.from(arguments).map(function (arg) {","                    return typeof arg === 'string'","                        ? arg","                        : JSON.stringify(arg, null, 4);","                }).join(' ') + '\\n';","                // scroll textarea to bottom","                element.scrollTop = element.scrollHeight;","            };","        });","        // init event-handling","        ['change', 'click', 'keyup'].forEach(function (event) {","            Array.from(document.querySelectorAll('.on' + event)).forEach(function (element) {","                element.addEventListener(event, local.testRunBrowser);","            });","        });","        // run tests","        local.testRunBrowser();","        break;","","","","    // run node js-env code - post-init","    /* istanbul ignore next */","    case 'node':","        // export local","        module.exports = local;","        // require modules","        local.fs = require('fs');","        local.http = require('http');","        local.url = require('url');","        // init assets","        local.assetsDict = local.assetsDict || {};","        /* jslint-ignore-begin */","        local.assetsDict['/assets.index.template.html'] = '\\","<!doctype html>\\n\\","<html lang=\"en\">\\n\\","<head>\\n\\","<meta charset=\"UTF-8\">\\n\\","<meta name=\"viewport\" content=\"width=device-width, initial-scale=1\">\\n\\","<title>{{env.npm_package_name}} (v{{env.npm_package_version}})</title>\\n\\","<style>\\n\\","/*csslint\\n\\","    box-sizing: false,\\n\\","    universal-selector: false\\n\\","*/\\n\\","* {\\n\\","    box-sizing: border-box;\\n\\","}\\n\\","body {\\n\\","    background: #dde;\\n\\","    font-family: Arial, Helvetica, sans-serif;\\n\\","    margin: 2rem;\\n\\","}\\n\\","body > * {\\n\\","    margin-bottom: 1rem;\\n\\","}\\n\\",".utility2FooterDiv {\\n\\","    margin-top: 20px;\\n\\","    text-align: center;\\n\\","}\\n\\","</style>\\n\\","<style>\\n\\","/*csslint\\n\\","*/\\n\\","textarea {\\n\\","    font-family: monospace;\\n\\","    height: 10rem;\\n\\","    width: 100%;\\n\\","}\\n\\","textarea[readonly] {\\n\\","    background: #ddd;\\n\\","}\\n\\","</style>\\n\\","</head>\\n\\","<body>\\n\\","<!-- utility2-comment\\n\\","<div id=\"ajaxProgressDiv1\" style=\"background: #d00; height: 2px; left: 0; margin: 0; padding: 0; position: fixed; top: 0; transition: background 0.5s, width 1.5s; width: 25%;\"></div>\\n\\","utility2-comment -->\\n\\","<h1>\\n\\","<!-- utility2-comment\\n\\","    <a\\n\\","        {{#if env.npm_package_homepage}}\\n\\","        href=\"{{env.npm_package_homepage}}\"\\n\\","        {{/if env.npm_package_homepage}}\\n\\","        target=\"_blank\"\\n\\","    >\\n\\","utility2-comment -->\\n\\","        {{env.npm_package_name}} (v{{env.npm_package_version}})\\n\\","<!-- utility2-comment\\n\\","    </a>\\n\\","utility2-comment -->\\n\\","</h1>\\n\\","<h3>{{env.npm_package_description}}</h3>\\n\\","<!-- utility2-comment\\n\\","<h4><a download href=\"assets.app.js\">download standalone app</a></h4>\\n\\","<button class=\"onclick onreset\" id=\"testRunButton1\">run internal test</button><br>\\n\\","<div id=\"testReportDiv1\" style=\"display: none;\"></div>\\n\\","utility2-comment -->\\n\\","\\n\\","\\n\\","\\n\\","<label>stderr and stdout</label>\\n\\","<textarea class=\"resettable\" id=\"outputTextareaStdout1\" readonly></textarea>\\n\\","<!-- utility2-comment\\n\\","{{#if isRollup}}\\n\\","<script src=\"assets.app.js\"></script>\\n\\","{{#unless isRollup}}\\n\\","utility2-comment -->\\n\\","<script src=\"assets.utility2.rollup.js\"></script>\\n\\","<script src=\"jsonp.utility2._stateInit?callback=window.utility2._stateInit\"></script>\\n\\","<script src=\"assets.npmtest_suspend.rollup.js\"></script>\\n\\","<script src=\"assets.example.js\"></script>\\n\\","<script src=\"assets.test.js\"></script>\\n\\","<!-- utility2-comment\\n\\","{{/if isRollup}}\\n\\","utility2-comment -->\\n\\","<div class=\"utility2FooterDiv\">\\n\\","    [ this app was created with\\n\\","    <a href=\"https://github.com/kaizhu256/node-utility2\" target=\"_blank\">utility2</a>\\n\\","    ]\\n\\","</div>\\n\\","</body>\\n\\","</html>\\n\\","';","        /* jslint-ignore-end */","        if (local.templateRender) {","            local.assetsDict['/'] = local.templateRender(","                local.assetsDict['/assets.index.template.html'],","                {","                    env: local.objectSetDefault(local.env, {","                        npm_package_description: 'the greatest app in the world!',","                        npm_package_name: 'my-app',","                        npm_package_nameAlias: 'my_app',","                        npm_package_version: '0.0.1'","                    })","                }","            );","        } else {","            local.assetsDict['/'] = local.assetsDict['/assets.index.template.html']","                .replace((/\\{\\{env\\.(\\w+?)\\}\\}/g), function (match0, match1) {","                    // jslint-hack","                    String(match0);","                    switch (match1) {","                    case 'npm_package_description':","                        return 'the greatest app in the world!';","                    case 'npm_package_name':","                        return 'my-app';","                    case 'npm_package_nameAlias':","                        return 'my_app';","                    case 'npm_package_version':","                        return '0.0.1';","                    }","                });","        }","        // run the cli","        if (local.global.utility2_rollup || module !== require.main) {","            break;","        }","        local.assetsDict['/assets.example.js'] =","            local.assetsDict['/assets.example.js'] ||","            local.fs.readFileSync(__filename, 'utf8');","        local.assetsDict['/assets.npmtest_suspend.rollup.js'] =","            local.assetsDict['/assets.npmtest_suspend.rollup.js'] ||","            local.fs.readFileSync(","                // buildCustomOrg-hack","                local.npmtest_suspend.__dirname +","                    '/lib.npmtest_suspend.js',","                'utf8'","            ).replace((/^#!/), '//');","        local.assetsDict['/favicon.ico'] = local.assetsDict['/favicon.ico'] || '';","        // if $npm_config_timeout_exit exists,","        // then exit this process after $npm_config_timeout_exit ms","        if (Number(process.env.npm_config_timeout_exit)) {","            setTimeout(process.exit, Number(process.env.npm_config_timeout_exit));","        }","        // start server","        if (local.global.utility2_serverHttp1) {","            break;","        }","        process.env.PORT = process.env.PORT || '8081';","        console.error('server starting on port ' + process.env.PORT);","        local.http.createServer(function (request, response) {","            request.urlParsed = local.url.parse(request.url);","            if (local.assetsDict[request.urlParsed.pathname] !== undefined) {","                response.end(local.assetsDict[request.urlParsed.pathname]);","                return;","            }","            response.statusCode = 404;","            response.end();","        }).listen(process.env.PORT);","        break;","    }","}());",""],"l":{"26":2,"28":2,"33":2,"35":2,"37":2,"38":2,"39":2,"44":1,"51":2,"55":2,"59":2,"61":2,"69":1,"70":2,"76":2,"79":2,"82":2,"83":2,"85":1,"89":2,"92":1,"93":1,"94":1,"96":1,"97":1,"100":1,"101":1,"103":1,"106":1,"108":2,"114":1,"116":1,"118":1,"123":1,"124":2,"125":2,"126":3,"127":3,"128":3,"129":3,"130":1,"133":3,"134":3,"139":3,"143":1,"144":3,"145":1,"149":1,"150":1,"158":1,"160":1,"161":1,"162":1,"164":1,"166":1,"258":1,"259":1,"271":1,"274":6,"275":6,"277":1,"279":2,"281":1,"283":2,"288":1,"289":1,"291":1,"294":1,"302":1,"305":1,"306":1,"309":1,"310":1,"312":1,"313":1,"314":1,"315":1,"316":1,"317":1,"318":1,"320":1,"321":1,"323":1}},"/home/travis/build/npmtest/node-npmtest-suspend/node_modules/suspend/lib/suspend.js":{"path":"/home/travis/build/npmtest/node-npmtest-suspend/node_modules/suspend/lib/suspend.js","s":{"1":1,"2":1,"3":0,"4":0,"5":0,"6":0,"7":0,"8":1,"9":1,"10":0,"11":0,"12":0,"13":0,"14":0,"15":0,"16":0,"17":0,"18":1,"19":0,"20":0,"21":0,"22":0,"23":0,"24":0,"25":0,"26":0,"27":1,"28":0,"29":0,"30":0,"31":0,"32":0,"33":0,"34":1,"35":0,"36":0,"37":0,"38":0,"39":0,"40":0,"41":0,"42":0,"43":0,"44":1,"45":0,"46":0,"47":0,"48":1,"49":0,"50":0,"51":0,"52":0,"53":1,"54":0,"55":0,"56":0,"57":0,"58":0,"59":0,"60":1,"61":0,"62":0,"63":0,"64":0,"65":0,"66":0,"67":0,"68":0,"69":0,"70":0,"71":0,"72":0,"73":0,"74":0,"75":0,"76":0,"77":0,"78":1,"79":0,"80":0,"81":0,"82":1,"83":0,"84":0,"85":0,"86":0,"87":0,"88":0,"89":0,"90":0,"91":0,"92":1,"93":0,"94":0,"95":0,"96":0,"97":0,"98":0,"99":0,"100":0,"101":0,"102":0,"103":0,"104":0,"105":0,"106":0,"107":1,"108":0,"109":0,"110":0,"111":0,"112":0,"113":0,"114":0,"115":0,"116":0,"117":0,"118":1,"119":0,"120":0,"121":0,"122":0,"123":0,"124":0,"125":0,"126":0,"127":0,"128":1,"129":0,"130":0,"131":0,"132":0,"133":0,"134":0,"135":0,"136":0,"137":0,"138":0,"139":0,"140":0,"141":0,"142":0,"143":0,"144":1,"145":1,"146":0,"147":1,"148":0,"149":1,"150":0,"151":1,"152":0},"b":{"1":[0,0],"2":[0,0],"3":[0,0],"4":[0,0],"5":[0,0],"6":[0,0],"7":[0,0],"8":[0,0],"9":[0,0],"10":[0,0],"11":[0,0],"12":[0,0],"13":[0,0],"14":[0,0],"15":[0,0],"16":[0,0],"17":[0,0],"18":[0,0],"19":[0,0],"20":[0,0],"21":[0,0],"22":[0,0],"23":[0,0],"24":[0,0],"25":[0,0],"26":[0,0],"27":[0,0],"28":[0,0],"29":[0,0],"30":[0,0],"31":[0,0],"32":[0,0,0]},"f":{"1":0,"2":0,"3":0,"4":0,"5":0,"6":0,"7":0,"8":0,"9":0,"10":0,"11":0,"12":0,"13":0,"14":0,"15":0,"16":0,"17":0,"18":0,"19":0,"20":0,"21":0,"22":0,"23":0,"24":0,"25":0,"26":0,"27":0,"28":0,"29":0},"fnMap":{"1":{"name":"fn","line":10,"loc":{"start":{"line":10,"column":31},"end":{"line":10,"column":54}}},"2":{"name":"(anonymous_2)","line":15,"loc":{"start":{"line":15,"column":8},"end":{"line":15,"column":19}}},"3":{"name":"callback","line":27,"loc":{"start":{"line":27,"column":20},"end":{"line":27,"column":49}}},"4":{"name":"(anonymous_4)","line":32,"loc":{"start":{"line":32,"column":8},"end":{"line":32,"column":19}}},"5":{"name":"promise","line":49,"loc":{"start":{"line":49,"column":19},"end":{"line":49,"column":47}}},"6":{"name":"(anonymous_6)","line":54,"loc":{"start":{"line":54,"column":8},"end":{"line":54,"column":19}}},"7":{"name":"(anonymous_7)","line":58,"loc":{"start":{"line":58,"column":21},"end":{"line":58,"column":47}}},"8":{"name":"(anonymous_8)","line":59,"loc":{"start":{"line":59,"column":44},"end":{"line":59,"column":63}}},"9":{"name":"run","line":71,"loc":{"start":{"line":71,"column":14},"end":{"line":71,"column":48}}},"10":{"name":"resumeFactory","line":88,"loc":{"start":{"line":88,"column":17},"end":{"line":88,"column":42}}},"11":{"name":"resume","line":96,"loc":{"start":{"line":96,"column":8},"end":{"line":96,"column":26}}},"12":{"name":"resumeRawFactory","line":110,"loc":{"start":{"line":110,"column":20},"end":{"line":110,"column":48}}},"13":{"name":"fork","line":120,"loc":{"start":{"line":120,"column":15},"end":{"line":120,"column":31}}},"14":{"name":"join","line":132,"loc":{"start":{"line":132,"column":15},"end":{"line":132,"column":31}}},"15":{"name":"Suspender","line":147,"loc":{"start":{"line":147,"column":0},"end":{"line":147,"column":40}}},"16":{"name":"(anonymous_16)","line":157,"loc":{"start":{"line":157,"column":29},"end":{"line":157,"column":40}}},"17":{"name":"(anonymous_17)","line":160,"loc":{"start":{"line":160,"column":16},"end":{"line":160,"column":27}}},"18":{"name":"start","line":189,"loc":{"start":{"line":189,"column":28},"end":{"line":189,"column":54}}},"19":{"name":"handleYield","line":198,"loc":{"start":{"line":198,"column":34},"end":{"line":198,"column":60}}},"20":{"name":"next","line":224,"loc":{"start":{"line":224,"column":34},"end":{"line":224,"column":62}}},"21":{"name":"(anonymous_21)","line":234,"loc":{"start":{"line":234,"column":15},"end":{"line":234,"column":26}}},"22":{"name":"resume","line":253,"loc":{"start":{"line":253,"column":29},"end":{"line":253,"column":58}}},"23":{"name":"forkFactory","line":278,"loc":{"start":{"line":278,"column":34},"end":{"line":278,"column":57}}},"24":{"name":"fork","line":283,"loc":{"start":{"line":283,"column":8},"end":{"line":283,"column":24}}},"25":{"name":"join","line":299,"loc":{"start":{"line":299,"column":27},"end":{"line":299,"column":43}}},"26":{"name":"setActiveSuspender","line":326,"loc":{"start":{"line":326,"column":0},"end":{"line":326,"column":39}}},"27":{"name":"getActiveSuspender","line":330,"loc":{"start":{"line":330,"column":0},"end":{"line":330,"column":30}}},"28":{"name":"clearActiveSuspender","line":334,"loc":{"start":{"line":334,"column":0},"end":{"line":334,"column":32}}},"29":{"name":"isGeneratorFunction","line":338,"loc":{"start":{"line":338,"column":0},"end":{"line":338,"column":32}}}},"statementMap":{"1":{"start":{"line":1,"column":0},"end":{"line":1,"column":52}},"2":{"start":{"line":10,"column":0},"end":{"line":20,"column":2}},"3":{"start":{"line":11,"column":1},"end":{"line":13,"column":2}},"4":{"start":{"line":12,"column":2},"end":{"line":12,"column":71}},"5":{"start":{"line":15,"column":1},"end":{"line":19,"column":3}},"6":{"start":{"line":16,"column":2},"end":{"line":16,"column":43}},"7":{"start":{"line":18,"column":2},"end":{"line":18,"column":63}},"8":{"start":{"line":21,"column":0},"end":{"line":21,"column":21}},"9":{"start":{"line":27,"column":1},"end":{"line":44,"column":2}},"10":{"start":{"line":28,"column":1},"end":{"line":30,"column":2}},"11":{"start":{"line":29,"column":2},"end":{"line":29,"column":77}},"12":{"start":{"line":32,"column":1},"end":{"line":43,"column":3}},"13":{"start":{"line":33,"column":2},"end":{"line":34,"column":55}},"14":{"start":{"line":36,"column":2},"end":{"line":38,"column":3}},"15":{"start":{"line":37,"column":3},"end":{"line":37,"column":65}},"16":{"start":{"line":40,"column":2},"end":{"line":40,"column":53}},"17":{"start":{"line":42,"column":2},"end":{"line":42,"column":30}},"18":{"start":{"line":49,"column":1},"end":{"line":65,"column":2}},"19":{"start":{"line":50,"column":1},"end":{"line":52,"column":2}},"20":{"start":{"line":51,"column":2},"end":{"line":51,"column":76}},"21":{"start":{"line":54,"column":1},"end":{"line":64,"column":3}},"22":{"start":{"line":55,"column":2},"end":{"line":56,"column":48}},"23":{"start":{"line":58,"column":2},"end":{"line":63,"column":5}},"24":{"start":{"line":59,"column":3},"end":{"line":61,"column":6}},"25":{"start":{"line":60,"column":4},"end":{"line":60,"column":37}},"26":{"start":{"line":62,"column":3},"end":{"line":62,"column":31}},"27":{"start":{"line":71,"column":0},"end":{"line":81,"column":2}},"28":{"start":{"line":72,"column":1},"end":{"line":74,"column":2}},"29":{"start":{"line":73,"column":2},"end":{"line":73,"column":72}},"30":{"start":{"line":75,"column":1},"end":{"line":77,"column":2}},"31":{"start":{"line":76,"column":2},"end":{"line":76,"column":73}},"32":{"start":{"line":78,"column":1},"end":{"line":78,"column":52}},"33":{"start":{"line":80,"column":1},"end":{"line":80,"column":23}},"34":{"start":{"line":88,"column":0},"end":{"line":103,"column":2}},"35":{"start":{"line":89,"column":1},"end":{"line":89,"column":38}},"36":{"start":{"line":90,"column":1},"end":{"line":92,"column":2}},"37":{"start":{"line":91,"column":2},"end":{"line":91,"column":70}},"38":{"start":{"line":94,"column":1},"end":{"line":94,"column":28}},"39":{"start":{"line":96,"column":1},"end":{"line":102,"column":3}},"40":{"start":{"line":97,"column":2},"end":{"line":99,"column":3}},"41":{"start":{"line":98,"column":3},"end":{"line":98,"column":63}},"42":{"start":{"line":100,"column":2},"end":{"line":100,"column":24}},"43":{"start":{"line":101,"column":2},"end":{"line":101,"column":47}},"44":{"start":{"line":110,"column":0},"end":{"line":114,"column":2}},"45":{"start":{"line":111,"column":1},"end":{"line":111,"column":52}},"46":{"start":{"line":112,"column":1},"end":{"line":112,"column":39}},"47":{"start":{"line":113,"column":1},"end":{"line":113,"column":15}},"48":{"start":{"line":120,"column":0},"end":{"line":126,"column":2}},"49":{"start":{"line":121,"column":1},"end":{"line":121,"column":38}},"50":{"start":{"line":122,"column":1},"end":{"line":124,"column":2}},"51":{"start":{"line":123,"column":2},"end":{"line":123,"column":68}},"52":{"start":{"line":125,"column":1},"end":{"line":125,"column":32}},"53":{"start":{"line":132,"column":0},"end":{"line":141,"column":2}},"54":{"start":{"line":133,"column":1},"end":{"line":133,"column":38}},"55":{"start":{"line":134,"column":1},"end":{"line":136,"column":2}},"56":{"start":{"line":135,"column":2},"end":{"line":135,"column":68}},"57":{"start":{"line":137,"column":1},"end":{"line":139,"column":2}},"58":{"start":{"line":138,"column":2},"end":{"line":138,"column":73}},"59":{"start":{"line":140,"column":1},"end":{"line":140,"column":18}},"60":{"start":{"line":147,"column":0},"end":{"line":184,"column":1}},"61":{"start":{"line":148,"column":1},"end":{"line":148,"column":17}},"62":{"start":{"line":150,"column":1},"end":{"line":150,"column":28}},"63":{"start":{"line":152,"column":1},"end":{"line":152,"column":22}},"64":{"start":{"line":155,"column":1},"end":{"line":155,"column":26}},"65":{"start":{"line":157,"column":1},"end":{"line":166,"column":3}},"66":{"start":{"line":158,"column":2},"end":{"line":165,"column":3}},"67":{"start":{"line":159,"column":3},"end":{"line":159,"column":52}},"68":{"start":{"line":160,"column":3},"end":{"line":162,"column":6}},"69":{"start":{"line":161,"column":4},"end":{"line":161,"column":31}},"70":{"start":{"line":164,"column":3},"end":{"line":164,"column":35}},"71":{"start":{"line":168,"column":1},"end":{"line":168,"column":19}},"72":{"start":{"line":171,"column":1},"end":{"line":171,"column":25}},"73":{"start":{"line":174,"column":1},"end":{"line":174,"column":24}},"74":{"start":{"line":176,"column":1},"end":{"line":176,"column":22}},"75":{"start":{"line":178,"column":1},"end":{"line":178,"column":23}},"76":{"start":{"line":180,"column":1},"end":{"line":180,"column":20}},"77":{"start":{"line":183,"column":1},"end":{"line":183,"column":26}},"78":{"start":{"line":189,"column":0},"end":{"line":193,"column":2}},"79":{"start":{"line":190,"column":1},"end":{"line":190,"column":49}},"80":{"start":{"line":191,"column":1},"end":{"line":191,"column":20}},"81":{"start":{"line":192,"column":1},"end":{"line":192,"column":27}},"82":{"start":{"line":198,"column":0},"end":{"line":216,"column":2}},"83":{"start":{"line":199,"column":1},"end":{"line":205,"column":2}},"84":{"start":{"line":200,"column":2},"end":{"line":200,"column":19}},"85":{"start":{"line":201,"column":2},"end":{"line":203,"column":3}},"86":{"start":{"line":202,"column":3},"end":{"line":202,"column":45}},"87":{"start":{"line":204,"column":2},"end":{"line":204,"column":9}},"88":{"start":{"line":208,"column":1},"end":{"line":208,"column":24}},"89":{"start":{"line":208,"column":17},"end":{"line":208,"column":24}},"90":{"start":{"line":211,"column":1},"end":{"line":215,"column":2}},"91":{"start":{"line":214,"column":2},"end":{"line":214,"column":71}},"92":{"start":{"line":224,"column":0},"end":{"line":248,"column":2}},"93":{"start":{"line":225,"column":1},"end":{"line":225,"column":17}},"94":{"start":{"line":227,"column":1},"end":{"line":227,"column":24}},"95":{"start":{"line":228,"column":1},"end":{"line":228,"column":26}},"96":{"start":{"line":229,"column":1},"end":{"line":229,"column":9}},"97":{"start":{"line":230,"column":1},"end":{"line":245,"column":2}},"98":{"start":{"line":231,"column":2},"end":{"line":231,"column":69}},"99":{"start":{"line":234,"column":2},"end":{"line":240,"column":5}},"100":{"start":{"line":235,"column":3},"end":{"line":239,"column":4}},"101":{"start":{"line":236,"column":4},"end":{"line":236,"column":30}},"102":{"start":{"line":238,"column":4},"end":{"line":238,"column":14}},"103":{"start":{"line":241,"column":2},"end":{"line":241,"column":9}},"104":{"start":{"line":243,"column":2},"end":{"line":243,"column":26}},"105":{"start":{"line":244,"column":2},"end":{"line":244,"column":25}},"106":{"start":{"line":247,"column":1},"end":{"line":247,"column":23}},"107":{"start":{"line":253,"column":0},"end":{"line":272,"column":2}},"108":{"start":{"line":256,"column":1},"end":{"line":258,"column":2}},"109":{"start":{"line":257,"column":2},"end":{"line":257,"column":59}},"110":{"start":{"line":260,"column":1},"end":{"line":271,"column":2}},"111":{"start":{"line":261,"column":2},"end":{"line":261,"column":25}},"112":{"start":{"line":262,"column":2},"end":{"line":262,"column":58}},"113":{"start":{"line":264,"column":2},"end":{"line":266,"column":3}},"114":{"start":{"line":265,"column":3},"end":{"line":265,"column":67}},"115":{"start":{"line":268,"column":2},"end":{"line":268,"column":46}},"116":{"start":{"line":268,"column":11},"end":{"line":268,"column":46}},"117":{"start":{"line":270,"column":2},"end":{"line":270,"column":27}},"118":{"start":{"line":278,"column":0},"end":{"line":293,"column":2}},"119":{"start":{"line":279,"column":1},"end":{"line":281,"column":27}},"120":{"start":{"line":282,"column":1},"end":{"line":282,"column":21}},"121":{"start":{"line":283,"column":1},"end":{"line":292,"column":3}},"122":{"start":{"line":284,"column":2},"end":{"line":286,"column":3}},"123":{"start":{"line":285,"column":3},"end":{"line":285,"column":57}},"124":{"start":{"line":287,"column":2},"end":{"line":287,"column":26}},"125":{"start":{"line":288,"column":2},"end":{"line":288,"column":65}},"126":{"start":{"line":289,"column":2},"end":{"line":291,"column":3}},"127":{"start":{"line":290,"column":3},"end":{"line":290,"column":15}},"128":{"start":{"line":299,"column":0},"end":{"line":321,"column":2}},"129":{"start":{"line":300,"column":1},"end":{"line":300,"column":47}},"130":{"start":{"line":301,"column":1},"end":{"line":301,"column":31}},"131":{"start":{"line":301,"column":24},"end":{"line":301,"column":31}},"132":{"start":{"line":302,"column":1},"end":{"line":303,"column":15}},"133":{"start":{"line":304,"column":1},"end":{"line":312,"column":2}},"134":{"start":{"line":305,"column":2},"end":{"line":305,"column":37}},"135":{"start":{"line":306,"column":2},"end":{"line":311,"column":3}},"136":{"start":{"line":307,"column":3},"end":{"line":307,"column":22}},"137":{"start":{"line":308,"column":3},"end":{"line":308,"column":9}},"138":{"start":{"line":310,"column":3},"end":{"line":310,"column":29}},"139":{"start":{"line":314,"column":1},"end":{"line":314,"column":26}},"140":{"start":{"line":315,"column":1},"end":{"line":315,"column":23}},"141":{"start":{"line":316,"column":1},"end":{"line":316,"column":20}},"142":{"start":{"line":317,"column":1},"end":{"line":317,"column":28}},"143":{"start":{"line":320,"column":1},"end":{"line":320,"column":27}},"144":{"start":{"line":324,"column":0},"end":{"line":324,"column":24}},"145":{"start":{"line":326,"column":0},"end":{"line":328,"column":1}},"146":{"start":{"line":327,"column":1},"end":{"line":327,"column":32}},"147":{"start":{"line":330,"column":0},"end":{"line":332,"column":1}},"148":{"start":{"line":331,"column":1},"end":{"line":331,"column":50}},"149":{"start":{"line":334,"column":0},"end":{"line":336,"column":1}},"150":{"start":{"line":335,"column":1},"end":{"line":335,"column":22}},"151":{"start":{"line":338,"column":0},"end":{"line":340,"column":1}},"152":{"start":{"line":339,"column":1},"end":{"line":339,"column":73}}},"branchMap":{"1":{"line":11,"type":"if","locations":[{"start":{"line":11,"column":1},"end":{"line":11,"column":1}},{"start":{"line":11,"column":1},"end":{"line":11,"column":1}}]},"2":{"line":28,"type":"if","locations":[{"start":{"line":28,"column":1},"end":{"line":28,"column":1}},{"start":{"line":28,"column":1},"end":{"line":28,"column":1}}]},"3":{"line":36,"type":"if","locations":[{"start":{"line":36,"column":2},"end":{"line":36,"column":2}},{"start":{"line":36,"column":2},"end":{"line":36,"column":2}}]},"4":{"line":50,"type":"if","locations":[{"start":{"line":50,"column":1},"end":{"line":50,"column":1}},{"start":{"line":50,"column":1},"end":{"line":50,"column":1}}]},"5":{"line":60,"type":"cond-expr","locations":[{"start":{"line":60,"column":10},"end":{"line":60,"column":21}},{"start":{"line":60,"column":24},"end":{"line":60,"column":36}}]},"6":{"line":72,"type":"if","locations":[{"start":{"line":72,"column":1},"end":{"line":72,"column":1}},{"start":{"line":72,"column":1},"end":{"line":72,"column":1}}]},"7":{"line":75,"type":"if","locations":[{"start":{"line":75,"column":1},"end":{"line":75,"column":1}},{"start":{"line":75,"column":1},"end":{"line":75,"column":1}}]},"8":{"line":75,"type":"binary-expr","locations":[{"start":{"line":75,"column":5},"end":{"line":75,"column":13}},{"start":{"line":75,"column":17},"end":{"line":75,"column":47}}]},"9":{"line":90,"type":"if","locations":[{"start":{"line":90,"column":1},"end":{"line":90,"column":1}},{"start":{"line":90,"column":1},"end":{"line":90,"column":1}}]},"10":{"line":97,"type":"if","locations":[{"start":{"line":97,"column":2},"end":{"line":97,"column":2}},{"start":{"line":97,"column":2},"end":{"line":97,"column":2}}]},"11":{"line":122,"type":"if","locations":[{"start":{"line":122,"column":1},"end":{"line":122,"column":1}},{"start":{"line":122,"column":1},"end":{"line":122,"column":1}}]},"12":{"line":134,"type":"if","locations":[{"start":{"line":134,"column":1},"end":{"line":134,"column":1}},{"start":{"line":134,"column":1},"end":{"line":134,"column":1}}]},"13":{"line":137,"type":"if","locations":[{"start":{"line":137,"column":1},"end":{"line":137,"column":1}},{"start":{"line":137,"column":1},"end":{"line":137,"column":1}}]},"14":{"line":157,"type":"binary-expr","locations":[{"start":{"line":157,"column":17},"end":{"line":157,"column":25}},{"start":{"line":157,"column":29},"end":{"line":166,"column":2}}]},"15":{"line":158,"type":"if","locations":[{"start":{"line":158,"column":2},"end":{"line":158,"column":2}},{"start":{"line":158,"column":2},"end":{"line":158,"column":2}}]},"16":{"line":199,"type":"if","locations":[{"start":{"line":199,"column":1},"end":{"line":199,"column":1}},{"start":{"line":199,"column":1},"end":{"line":199,"column":1}}]},"17":{"line":201,"type":"if","locations":[{"start":{"line":201,"column":2},"end":{"line":201,"column":2}},{"start":{"line":201,"column":2},"end":{"line":201,"column":2}}]},"18":{"line":208,"type":"if","locations":[{"start":{"line":208,"column":1},"end":{"line":208,"column":1}},{"start":{"line":208,"column":1},"end":{"line":208,"column":1}}]},"19":{"line":211,"type":"if","locations":[{"start":{"line":211,"column":1},"end":{"line":211,"column":1}},{"start":{"line":211,"column":1},"end":{"line":211,"column":1}}]},"20":{"line":231,"type":"cond-expr","locations":[{"start":{"line":231,"column":18},"end":{"line":231,"column":42}},{"start":{"line":231,"column":45},"end":{"line":231,"column":68}}]},"21":{"line":235,"type":"if","locations":[{"start":{"line":235,"column":3},"end":{"line":235,"column":3}},{"start":{"line":235,"column":3},"end":{"line":235,"column":3}}]},"22":{"line":256,"type":"if","locations":[{"start":{"line":256,"column":1},"end":{"line":256,"column":1}},{"start":{"line":256,"column":1},"end":{"line":256,"column":1}}]},"23":{"line":260,"type":"if","locations":[{"start":{"line":260,"column":1},"end":{"line":260,"column":1}},{"start":{"line":260,"column":1},"end":{"line":260,"column":1}}]},"24":{"line":264,"type":"if","locations":[{"start":{"line":264,"column":2},"end":{"line":264,"column":2}},{"start":{"line":264,"column":2},"end":{"line":264,"column":2}}]},"25":{"line":268,"type":"if","locations":[{"start":{"line":268,"column":2},"end":{"line":268,"column":2}},{"start":{"line":268,"column":2},"end":{"line":268,"column":2}}]},"26":{"line":284,"type":"if","locations":[{"start":{"line":284,"column":2},"end":{"line":284,"column":2}},{"start":{"line":284,"column":2},"end":{"line":284,"column":2}}]},"27":{"line":289,"type":"if","locations":[{"start":{"line":289,"column":2},"end":{"line":289,"column":2}},{"start":{"line":289,"column":2},"end":{"line":289,"column":2}}]},"28":{"line":289,"type":"binary-expr","locations":[{"start":{"line":289,"column":6},"end":{"line":289,"column":31}},{"start":{"line":289,"column":35},"end":{"line":289,"column":51}}]},"29":{"line":300,"type":"binary-expr","locations":[{"start":{"line":300,"column":1},"end":{"line":300,"column":17}},{"start":{"line":300,"column":22},"end":{"line":300,"column":45}}]},"30":{"line":301,"type":"if","locations":[{"start":{"line":301,"column":1},"end":{"line":301,"column":1}},{"start":{"line":301,"column":1},"end":{"line":301,"column":1}}]},"31":{"line":306,"type":"if","locations":[{"start":{"line":306,"column":2},"end":{"line":306,"column":2}},{"start":{"line":306,"column":2},"end":{"line":306,"column":2}}]},"32":{"line":339,"type":"binary-expr","locations":[{"start":{"line":339,"column":8},"end":{"line":339,"column":9}},{"start":{"line":339,"column":13},"end":{"line":339,"column":26}},{"start":{"line":339,"column":30},"end":{"line":339,"column":72}}]}},"code":["var Promise = require('promise/lib/es6-extensions');","","/**"," * Our suspend namespace, which doubles as an alias for `suspend.fn` (although"," * at the code level it may be more accurate to say that `suspend.fn` is an"," * alias for `suspend`..."," * Accepts a generator and returns a new function that makes no assumptions"," * regarding callback and/or error conventions."," */","var suspend = module.exports = function fn(generator) {","\tif (!isGeneratorFunction(generator)) {","\t\tthrow new Error('First .fn() argument must be a GeneratorFunction.');","\t}","","\treturn function() {","\t\tvar suspender = new Suspender(generator);","\t\t// preserve `this` context","\t\tsuspender.start(this, Array.prototype.slice.call(arguments));","\t};","};","suspend.fn = suspend;","","/**"," * Accepts a generator, and returns a new function that follows Node's callback"," * conventions.  The callback is required."," */"," suspend.callback = function callback(generator) {","\tif (!isGeneratorFunction(generator)) {","\t\tthrow new Error('First .callback() argument must be a GeneratorFunction.');","\t}","","\treturn function() {","\t\tvar callback = arguments[arguments.length - 1],","\t\t\targs = Array.prototype.slice.call(arguments, 0, -1);","","\t\tif (typeof callback !== 'function') {","\t\t\tthrow new Error('Last argument must be a callback function.');","\t\t}","","\t\tvar suspender = new Suspender(generator, callback);","\t\t// preserve `this` context","\t\tsuspender.start(this, args);","\t};","};","","/**"," * Accepts a generator, and returns a new function that returns a promise."," */"," suspend.promise = function promise(generator) {","\tif (!isGeneratorFunction(generator)) {","\t\tthrow new Error('First .promise() argument must be a GeneratorFunction.');","\t}","","\treturn function() {","\t\tvar self = this,","\t\t\targs = Array.prototype.slice.call(arguments);","","\t\treturn new Promise(function(resolve, reject) {","\t\t\tvar suspender = new Suspender(generator, function(err, ret) {","\t\t\t\terr ? reject(err) : resolve(ret);","\t\t\t});","\t\t\tsuspender.start(self, args);","\t\t});","\t};","};","","/**"," * Accepts a generator and an optional callback.  The generator is invoked"," * immediately - any errors or returned values are passed to the callback."," */","suspend.run = function run(generator, callback) {","\tif (!isGeneratorFunction(generator)) {","\t\tthrow new Error('First .run() argument must be a GeneratorFunction.');","\t}","\tif (callback && typeof callback !== 'function') {","\t\tthrow new Error('Second .run() argument must be a callback function.');","\t}","\tvar suspender = new Suspender(generator, callback);","\t// preserve `this` context","\tsuspender.start(this);","};","","/**"," * Factory method for creating node-style callbacks that know how to resume"," * execution of the generator.  The callback expects the first argument to be"," * an error, if it occurred, or the completion value as the second argument."," */","suspend.resume = function resumeFactory() {","\tvar suspender = getActiveSuspender();","\tif (!suspender) {","\t\tthrow new Error('resume() must be called from the generator body.');","\t}","","\tvar alreadyResumed = false;","","\treturn function resume() {","\t\tif (alreadyResumed) {","\t\t\tthrow new Error('Cannot call same resumer multiple times.');","\t\t}","\t\talreadyResumed = true;","\t\tsuspender.resume.apply(suspender, arguments);","\t};","};","","/**"," * Factory method for creating a callback that doesn't make any assumptions"," * regarding Node's callback conventions.  All arguments passed to it are made"," * available in an array."," */","suspend.resumeRaw = function resumeRawFactory() {","\tvar resume = suspend.resume.apply(this, arguments);","\tgetActiveSuspender().rawResume = true;","\treturn resume;","};","","/**"," * Used for \"forking\" parallel operations. Rather than resuming the generator,"," * completion values are stored until a subsequent `.join()` operation."," */","suspend.fork = function fork() {","\tvar suspender = getActiveSuspender();","\tif (!suspender) {","\t\tthrow new Error('fork() must be called from the generator body.');","\t}","\treturn suspender.forkFactory();","};","","/**"," * Similar to `resume()`, except that the resulting value is an array of all"," * the completion values from previous `fork()` operations."," */","suspend.join = function join() {","\tvar suspender = getActiveSuspender();","\tif (!suspender) {","\t\tthrow new Error('join() must be called from the generator body.');","\t}","\tif (suspender.pendingJoin) {","\t\tthrow new Error('There is already a join() pending unresolved forks.');","\t}","\tsuspender.join();","};","","/**"," * Constructor function used for \"wrapping\" generator. Manages the state and"," * interactions with a suspend-wrapped generator."," */","function Suspender(generator, callback) {","\tvar self = this;","","\tthis.generator = generator;","\t// initialized in start()","\tthis.iterator = null;","\t// flag to keep track of whether or not the entire generator completed.","\t// See start() for state tracking.","\tthis.syncComplete = true;","\t// makes sure to not unleash zalgo: https://github.com/jmar777/suspend/pull/21","\tthis.callback = callback && function() {","\t\tif (self.syncComplete) {","\t\t\tvar args = Array.prototype.slice.call(arguments);","\t\t\tsetImmediate(function() {","\t\t\t\tcallback.apply(this, args);","\t\t\t});","\t\t} else {","\t\t\tcallback.apply(this, arguments);","\t\t}","\t};","\t// flag indicating whether or not the iterator has completed","\tthis.done = false;","\t// flag to keep track of whether or not we were resumed synchronously.","\t// See nextOrThrow() for state tracking.","\tthis.syncResume = false;","\t// flag indicating whether or not the values passed to resume() should be","\t// treated as raw values, or handled per the error-first callback convention","\tthis.rawResume = false;","\t// holding place for values from forked operations, waiting for a join()","\tthis.forkValues = [];","\t// number of pending forks we have out there","\tthis.pendingForks = 0;","\t// index used for preserving fork result positions","\tthis.forkIndex = 0;","\t// flag indicating whether or not we have a pending join operation (which","\t// waits until all forks are resolved)","\tthis.pendingJoin = false;","}","","/**"," * Starts the generator and begins iteration."," */","Suspender.prototype.start = function start(ctx, args) {","\tthis.iterator = this.generator.apply(ctx, args);","\tthis.nextOrThrow();","\tthis.syncComplete = false;","};","","/**"," * Handles values that are yielded from the generator (such as promises)."," */","Suspender.prototype.handleYield = function handleYield(ret) {","\tif (ret.done) {","\t\tthis.done = true;","\t\tif (this.callback) {","\t\t\tthis.callback.call(null, null, ret.value);","\t\t}","\t\treturn;","\t}","","\t// if nothing was yielded, then assume that resume()/join() are being used","\tif (!ret.value) return;","","\t// check if a promise was yielded","\tif (typeof ret.value.then === 'function') {","\t\t// todo: may be more efficient to have a single instance-level resume","\t\t// function","\t\tret.value.then(this.resume.bind(this, null), this.resume.bind(this));","\t}","};","","/**"," * Calls `.next()` or `.throw()` on the iterator, depending on the value of the"," * `isError` flag.  This method ensures that yielded values and thrown errors"," * will be properly handled, and helps keep track of whether or not we are"," * resumed synchronously."," */","Suspender.prototype.nextOrThrow = function next(val, isError) {","\tvar self = this;","","\tthis.syncResume = true;","\tsetActiveSuspender(this);","\tvar ret;","\ttry {","\t\tret = isError ? this.iterator.throw(val) : this.iterator.next(val);","\t} catch (err) {","\t\t// prevents promise swallowing: https://github.com/jmar777/suspend/pull/21","\t\tsetImmediate(function() {","\t\t\tif (self.callback) {","\t\t\t\treturn self.callback(err);","\t\t\t} else {","\t\t\t\tthrow err;","\t\t\t}","\t\t});","\t\treturn;","\t} finally {","\t\tthis.syncResume = false;","\t\tclearActiveSuspender();","\t}","\t// everything was ok, so keep going","\tthis.handleYield(ret);","};","","/**"," * Resumes execution of the generator once an async operation has completed."," */","Suspender.prototype.resume = function resume(err, result) {","\t// if we have been synchronously resumed, then wait for the next turn on","\t// the event loop (avoids 'Generator already running' errors).","\tif (this.syncResume) {","\t\treturn setImmediate(this.resume.bind(this, err, result));","\t}","","\tif (this.rawResume) {","\t\tthis.rawResume = false;","\t\tthis.nextOrThrow(Array.prototype.slice.call(arguments));","\t} else {","\t\tif (this.done) {","\t\t\tthrow new Error('Generators cannot be resumed once completed.');","\t\t}","","\t\tif (err) return this.nextOrThrow(err, true);","","\t\tthis.nextOrThrow(result);","\t}","};","","/**"," * Returns a fork continuation that stashes the fulfillment value until `join()`"," * is subsequently called."," */","Suspender.prototype.forkFactory = function forkFactory() {","\tvar self = this,","\t\tindex = this.forkIndex++,","\t\talreadyFulfilled = false;","\tthis.pendingForks++;","\treturn function fork() {","\t\tif (alreadyFulfilled) {","\t\t\tthrow new Error('fork was fulfilled more than once.');","\t\t}","\t\talreadyFulfilled = true;","\t\tself.forkValues[index] = Array.prototype.slice.call(arguments);","\t\tif (--self.pendingForks === 0 && self.pendingJoin) {","\t\t\tself.join();","\t\t}","\t};","};","","/**"," * Causes the generator to be resumed (with the values of any previous `fork()`"," * fulfillments)."," */","Suspender.prototype.join = function join() {","\tthis.pendingJoin || (this.pendingJoin = true);","\tif (this.pendingForks) return;","\tvar err = null,","\t\tresults = [];","\tfor (var i = 0, len = this.forkValues.length; i < len; i++) {","\t\tvar forkValue = this.forkValues[i];","\t\tif (forkValue[0]) {","\t\t\terr = forkValue[0];","\t\t\tbreak;","\t\t} else {","\t\t\tresults[i] = forkValue[1];","\t\t}","\t}","\t// reset fork/join state","\tthis.pendingJoin = false;","\tthis.pendingForks = 0;","\tthis.forkIndex = 0;","\tthis.forkValues.length = 0;","","\t// resume the generator with our fork/join results","\tthis.resume(err, results);","};","","// keep track of the currently active generator (used by the resumer factory).","var suspenderStack = [];","","function setActiveSuspender(suspender) {","\tsuspenderStack.push(suspender);","}","","function getActiveSuspender() {","\treturn suspenderStack[suspenderStack.length - 1];","}","","function clearActiveSuspender() {","\tsuspenderStack.pop();","}","","function isGeneratorFunction(v) {","\treturn v && v.constructor && v.constructor.name === 'GeneratorFunction';","}",""],"l":{"1":1,"10":1,"11":0,"12":0,"15":0,"16":0,"18":0,"21":1,"27":1,"28":0,"29":0,"32":0,"33":0,"36":0,"37":0,"40":0,"42":0,"49":1,"50":0,"51":0,"54":0,"55":0,"58":0,"59":0,"60":0,"62":0,"71":1,"72":0,"73":0,"75":0,"76":0,"78":0,"80":0,"88":1,"89":0,"90":0,"91":0,"94":0,"96":0,"97":0,"98":0,"100":0,"101":0,"110":1,"111":0,"112":0,"113":0,"120":1,"121":0,"122":0,"123":0,"125":0,"132":1,"133":0,"134":0,"135":0,"137":0,"138":0,"140":0,"147":1,"148":0,"150":0,"152":0,"155":0,"157":0,"158":0,"159":0,"160":0,"161":0,"164":0,"168":0,"171":0,"174":0,"176":0,"178":0,"180":0,"183":0,"189":1,"190":0,"191":0,"192":0,"198":1,"199":0,"200":0,"201":0,"202":0,"204":0,"208":0,"211":0,"214":0,"224":1,"225":0,"227":0,"228":0,"229":0,"230":0,"231":0,"234":0,"235":0,"236":0,"238":0,"241":0,"243":0,"244":0,"247":0,"253":1,"256":0,"257":0,"260":0,"261":0,"262":0,"264":0,"265":0,"268":0,"270":0,"278":1,"279":0,"282":0,"283":0,"284":0,"285":0,"287":0,"288":0,"289":0,"290":0,"299":1,"300":0,"301":0,"302":0,"304":0,"305":0,"306":0,"307":0,"308":0,"310":0,"314":0,"315":0,"316":0,"317":0,"320":0,"324":1,"326":1,"327":0,"330":1,"331":0,"334":1,"335":0,"338":1,"339":0}},"/home/travis/build/npmtest/node-npmtest-suspend/node_modules/suspend/Gruntfile.js":{"path":"/home/travis/build/npmtest/node-npmtest-suspend/node_modules/suspend/Gruntfile.js","s":{"1":1,"2":0,"3":0},"b":{},"f":{"1":0},"fnMap":{"1":{"name":"(anonymous_1)","line":1,"loc":{"start":{"line":1,"column":17},"end":{"line":1,"column":33}}}},"statementMap":{"1":{"start":{"line":1,"column":0},"end":{"line":23,"column":2}},"2":{"start":{"line":2,"column":1},"end":{"line":20,"column":4}},"3":{"start":{"line":22,"column":1},"end":{"line":22,"column":44}}},"branchMap":{},"code":["module.exports = function(grunt) {","\tgrunt.initConfig({","\t\tjshint: {","\t\t\tfiles: ['lib/suspend.js'],","\t\t\toptions: {","\t\t\t\tcamelcase: true,","\t\t\t\teqeqeq: true,","\t\t\t\tundef: true,","\t\t\t\tunused: true,","\t\t\t\ttrailing: true,","\t\t\t\tboss: true,","\t\t\t\tbrowser: true,","\t\t\t\texpr: true,","\t\t\t\tglobals: {","\t\t\t\t\tmodule: true,","\t\t\t\t\tsetImmediate: true","\t\t\t\t}","\t\t\t}","\t\t}","\t});","","\tgrunt.loadNpmTasks('grunt-contrib-jshint');","};",""],"l":{"1":1,"2":0,"22":0}}}